HEYYYY[2014-04-13 05:28:52]: Did this log?
[2014-04-13 08:25:19]: /controller.php
[2014-04-13 08:25:19]: /page.php
[2014-04-13 08:25:19]: /model.php
[2014-04-13 08:25:19]: /customers.php
[2014-04-13 08:25:19]: /db.php
[2014-04-13 08:28:11]: /controller.php
[2014-04-13 08:28:11]: /page.php
[2014-04-13 08:28:11]: /library.php
[2014-04-13 08:28:25]: /controller.php
[2014-04-13 08:28:25]: /page.php
[2014-04-13 08:28:25]: /library.php
[2014-04-13 08:30:21]: /controller.php
[2014-04-13 08:30:21]: /page.php
[2014-04-13 08:30:21]: /library.php
[2014-04-13 08:30:22]: /controller.php
[2014-04-13 08:30:22]: /page.php
[2014-04-13 08:30:22]: /library.php
[2014-04-13 08:30:23]: /controller.php
[2014-04-13 08:30:23]: /page.php
[2014-04-13 08:30:23]: /library.php
[2014-04-13 08:30:33]: /controller.php
[2014-04-13 08:30:33]: /page.php
[2014-04-13 08:30:33]: /library.php
[2014-04-13 08:31:41]: /controller.php
[2014-04-13 08:31:41]: /page.php
[2014-04-13 08:31:41]: /library.php
[2014-04-13 08:32:10]: /controller.php
[2014-04-13 08:32:10]: /page.php
[2014-04-13 08:32:10]: /library.php
[2014-04-13 08:32:44]: /controller.php
[2014-04-13 08:32:44]: /page.php
[2014-04-13 08:32:44]: /library.php
[2014-04-13 08:33:30]: /controller.php
[2014-04-13 08:33:30]: /page.php
[2014-04-13 08:33:30]: /library.php
[2014-04-13 08:34:01]: /controller.php
[2014-04-13 08:34:01]: /page.php
[2014-04-13 08:34:01]: /library.php
[2014-04-13 08:36:53]: /controller.php
[2014-04-13 08:36:53]: /page.php
[2014-04-13 08:36:53]: /library.php
[2014-04-13 08:37:31]: /controller.php
[2014-04-13 08:37:31]: /page.php
[2014-04-13 08:37:31]: /library.php
[2014-04-13 08:41:02]: /controller.php
[2014-04-13 08:41:02]: /page.php
[2014-04-13 08:41:02]: /library.php
[2014-04-13 08:42:08]: /controller.php
[2014-04-13 08:42:08]: /page.php
[2014-04-13 08:42:08]: /library.php
[2014-04-13 08:42:19]: /controller.php
[2014-04-13 08:42:19]: /page.php
[2014-04-13 08:42:19]: /library.php
[2014-04-13 08:42:19]: parent.php
[2014-04-13 08:43:28]: /controller.php
[2014-04-13 08:43:28]: /page.php
[2014-04-13 08:43:28]: /library.php
[2014-04-13 08:45:12]: /controller.php
[2014-04-13 08:45:12]: /page.php
[2014-04-13 08:45:12]: /model.php
[2014-04-13 08:45:12]: /customers.php
[2014-04-13 08:45:12]: /db.php
[2014-04-13 09:16:41]: /controller.php
[2014-04-13 09:16:41]: /page.php
[2014-04-13 09:16:41]: /model.php
[2014-04-13 09:16:41]: /customers.php
[2014-04-13 09:16:41]: /db.php
[2014-04-13 09:16:42]: /controller.php
[2014-04-13 09:16:42]: /page.php
[2014-04-13 09:16:42]: /model.php
[2014-04-13 09:16:42]: /customers.php
[2014-04-13 09:16:42]: /db.php
[2014-04-13 09:16:46]: /controller.php
[2014-04-13 09:16:46]: /page.php
[2014-04-13 09:16:46]: /model.php
[2014-04-13 09:16:46]: /customers.php
[2014-04-13 09:16:46]: /db.php
